0 info it worked if it ends with ok
1 verbose cli [ '/usr/bin/nodejs', '/usr/bin/npm', 'start' ]
2 info using npm@4.0.5
3 info using node@v7.3.0
4 verbose run-script [ 'prestart', 'start', 'poststart' ]
5 info lifecycle rxapi@0.0.1~prestart: rxapi@0.0.1
6 silly lifecycle rxapi@0.0.1~prestart: no script for prestart, continuing
7 info lifecycle rxapi@0.0.1~start: rxapi@0.0.1
8 verbose lifecycle rxapi@0.0.1~start: unsafe-perm in lifecycle true
9 verbose lifecycle rxapi@0.0.1~start: PATH: /usr/lib/node_modules/npm/bin/node-gyp-bin:/home/josep/Documentos/node/nodejs-api-rest-tester/node_modules/.bin:/home/josep/.rbenv/shims:/home/josep/.rbenv/bin:/home/josep/.rbenv/plugins/ruby-build/bin:/home/josep/.rbenv/shims:/home/josep/.rbenv/bin:/home/josep/.local/share/umake/bin:/usr/local/sbin:/usr/local/bin:/usr/sbin:/usr/bin:/sbin:/bin:/usr/games:/usr/local/games:/snap/bin:/home/josep/.rvm/bin:/home/josep/Android/Sdk/platform-tools:/home/josep/Android/Sdk/tools:/home/josep/.rvm/bin
10 verbose lifecycle rxapi@0.0.1~start: CWD: /home/josep/Documentos/node/nodejs-api-rest-tester
11 silly lifecycle rxapi@0.0.1~start: Args: [ '-c', 'node index.js' ]
12 silly lifecycle rxapi@0.0.1~start: Returned: code: 1  signal: null
13 info lifecycle rxapi@0.0.1~start: Failed to exec start script
14 verbose stack Error: rxapi@0.0.1 start: `node index.js`
14 verbose stack Exit status 1
14 verbose stack     at EventEmitter.<anonymous> (/usr/lib/node_modules/npm/lib/utils/lifecycle.js:279:16)
14 verbose stack     at emitTwo (events.js:106:13)
14 verbose stack     at EventEmitter.emit (events.js:191:7)
14 verbose stack     at ChildProcess.<anonymous> (/usr/lib/node_modules/npm/lib/utils/spawn.js:40:14)
14 verbose stack     at emitTwo (events.js:106:13)
14 verbose stack     at ChildProcess.emit (events.js:191:7)
14 verbose stack     at maybeClose (internal/child_process.js:885:16)
14 verbose stack     at Process.ChildProcess._handle.onexit (internal/child_process.js:226:5)
15 verbose pkgid rxapi@0.0.1
16 verbose cwd /home/josep/Documentos/node/nodejs-api-rest-tester
17 error Linux 4.4.0-57-generic
18 error argv "/usr/bin/nodejs" "/usr/bin/npm" "start"
19 error node v7.3.0
20 error npm  v4.0.5
21 error code ELIFECYCLE
22 error rxapi@0.0.1 start: `node index.js`
22 error Exit status 1
23 error Failed at the rxapi@0.0.1 start script 'node index.js'.
23 error Make sure you have the latest version of node.js and npm installed.
23 error If you do, this is most likely a problem with the rxapi package,
23 error not with npm itself.
23 error Tell the author that this fails on your system:
23 error     node index.js
23 error You can get information on how to open an issue for this project with:
23 error     npm bugs rxapi
23 error Or if that isn't available, you can get their info via:
23 error     npm owner ls rxapi
23 error There is likely additional logging output above.
24 verbose exit [ 1, true ]
